生成启动时间为 2019/8/1 15:02:32。
     1>项目“F:\my\wx\QR_CODE\QR_CODE\QR_CODE.vcxproj”在节点 2 上(Build 个目标)。
     1>ClCompile:
         D:\安装程序\VC\bin\CL.exe /c /ZI /nologo /W3 /WX- /sdl /Od /Oy- /D WIN32 /D _DEBUG /D _WINDOWS /Gm /EHsc /RTC1 /MDd /GS /fp:precise /Zc:wchar_t /Zc:forScope /Yc"stdafx.h" /Fp"Debug\QR_CODE.pch" /Fo"Debug\\" /Fd"Debug\vc120.pdb" /Gd /TP /analyze- /errorReport:prompt stdafx.cpp
         stdafx.cpp
         D:\安装程序\VC\bin\CL.exe /c /ZI /nologo /W3 /WX- /sdl /Od /Oy- /D WIN32 /D _DEBUG /D _WINDOWS /Gm /EHsc /RTC1 /MDd /GS /fp:precise /Zc:wchar_t /Zc:forScope /Yu"stdafx.h" /Fp"Debug\QR_CODE.pch" /Fo"Debug\\" /Fd"Debug\vc120.pdb" /Gd /TP /analyze- /errorReport:prompt QR_CODE.cpp
         QR_CODE.cpp
     1>f:\my\wx\qr_code\qr_code\qr_code.cpp(17): error C2065: “MAIN”: 未声明的标识符
     1>f:\my\wx\qr_code\qr_code\qr_code.cpp(34): error C2065: “HOOK”: 未声明的标识符
     1>f:\my\wx\qr_code\qr_code\qr_code.cpp(37): error C2065: “UNHOOK”: 未声明的标识符
     1>已完成生成项目“F:\my\wx\QR_CODE\QR_CODE\QR_CODE.vcxproj”(Build 个目标)的操作 - 失败。

生成失败。

已用时间 00:00:01.54
